#-----------------------------------------------------------
# Vivado v2019.2 (64-bit)
# SW Build 2708876 on Wed Nov  6 21:40:23 MST 2019
# IP Build 2700528 on Thu Nov  7 00:09:20 MST 2019
# Start of session at: Mon Oct 10 14:57:37 2022
# Process ID: 8796
# Current directory: H:/APS/LAB_1
# Command line: vivado.exe -gui_launcher_event rodinguilauncherevent6200 H:\APS\LAB_1\LAB_1.xpr
# Log file: H:/APS/LAB_1/vivado.log
# Journal file: H:/APS/LAB_1\vivado.jou
#-----------------------------------------------------------
start_gui
open_project H:/APS/LAB_1/LAB_1.xpr
Scanning sources...
Finished scanning sources
INFO: [IP_Flow 19-234] Refreshing IP repositories
INFO: [IP_Flow 19-1704] No user IP repositories specified
INFO: [IP_Flow 19-2313] Loaded Vivado IP repository 'D:/Xilinx/Vivado/2019.2/data/ip'.
open_project: Time (s): cpu = 00:00:12 ; elapsed = 00:00:23 . Memory (MB): peak = 842.523 ; gain = 231.324
update_compile_order -fileset sources_1
exit
INFO: [Common 17-206] Exiting Vivado at Mon Oct 10 15:11:23 2022...
